<?xml version="1.0" encoding="utf-8"?><testsuites name="pytest tests"><testsuite name="pytest" errors="0" failures="0" skipped="0" tests="62" time="3.356" timestamp="2026-02-04T01:53:56.365139+00:00" hostname="agent-env-7f4e2477-2209-4e46-9fa2-92efaaf722fa"><testcase classname="backend.tests.test_airtime_deposit_withdraw.TestAuthentication" name="test_login_user" time="0.307" /><testcase classname="backend.tests.test_airtime_deposit_withdraw.TestWithdrawalProviders" name="test_senegal_providers" time="0.036" /><testcase classname="backend.tests.test_airtime_deposit_withdraw.TestWithdrawalProviders" name="test_kenya_providers" time="0.035" /><testcase classname="backend.tests.test_airtime_deposit_withdraw.TestWithdrawalProviders" name="test_nigeria_providers" time="0.036" /><testcase classname="backend.tests.test_airtime_deposit_withdraw.TestWithdrawalProviders" name="test_ghana_providers" time="0.034" /><testcase classname="backend.tests.test_airtime_deposit_withdraw.TestDepositProviders" name="test_cameroon_providers" time="0.037" /><testcase classname="backend.tests.test_airtime_deposit_withdraw.TestDepositProviders" name="test_senegal_deposit_providers" time="0.031" /><testcase classname="backend.tests.test_airtime_deposit_withdraw.TestDepositProviders" name="test_nigeria_deposit_providers" time="0.035" /><testcase classname="backend.tests.test_airtime_deposit_withdraw.TestDepositProviders" name="test_kenya_deposit_providers" time="0.032" /><testcase classname="backend.tests.test_airtime_deposit_withdraw.TestAllCountriesProviders" name="test_deposit_providers_for_country[SN-XOF-S\xe9n\xe9gal]" time="0.034" /><testcase classname="backend.tests.test_airtime_deposit_withdraw.TestAllCountriesProviders" name="test_deposit_providers_for_country[CI-XOF-C\xf4te d'Ivoire]" time="0.034" /><testcase classname="backend.tests.test_airtime_deposit_withdraw.TestAllCountriesProviders" name="test_deposit_providers_for_country[ML-XOF-Mali]" time="0.034" /><testcase classname="backend.tests.test_airtime_deposit_withdraw.TestAllCountriesProviders" name="test_deposit_providers_for_country[BF-XOF-Burkina Faso]" time="0.036" /><testcase classname="backend.tests.test_airtime_deposit_withdraw.TestAllCountriesProviders" name="test_deposit_providers_for_country[BJ-XOF-B\xe9nin]" time="0.038" /><testcase classname="backend.tests.test_airtime_deposit_withdraw.TestAllCountriesProviders" name="test_deposit_providers_for_country[TG-XOF-Togo]" time="0.035" /><testcase classname="backend.tests.test_airtime_deposit_withdraw.TestAllCountriesProviders" name="test_deposit_providers_for_country[NE-XOF-Niger]" time="0.038" /><testcase classname="backend.tests.test_airtime_deposit_withdraw.TestAllCountriesProviders" name="test_deposit_providers_for_country[GW-XOF-Guin\xe9e-Bissau]" time="0.035" /><testcase classname="backend.tests.test_airtime_deposit_withdraw.TestAllCountriesProviders" name="test_deposit_providers_for_country[GN-GNF-Guin\xe9e]" time="0.031" /><testcase classname="backend.tests.test_airtime_deposit_withdraw.TestAllCountriesProviders" name="test_deposit_providers_for_country[GH-GHS-Ghana]" time="0.032" /><testcase classname="backend.tests.test_airtime_deposit_withdraw.TestAllCountriesProviders" name="test_deposit_providers_for_country[NG-NGN-Nigeria]" time="0.247" /><testcase classname="backend.tests.test_airtime_deposit_withdraw.TestAllCountriesProviders" name="test_deposit_providers_for_country[LR-LRD-Liberia]" time="0.036" /><testcase classname="backend.tests.test_airtime_deposit_withdraw.TestAllCountriesProviders" name="test_deposit_providers_for_country[SL-SLL-Sierra Leone]" time="0.034" /><testcase classname="backend.tests.test_airtime_deposit_withdraw.TestAllCountriesProviders" name="test_deposit_providers_for_country[CM-XAF-Cameroun]" time="0.032" /><testcase classname="backend.tests.test_airtime_deposit_withdraw.TestAllCountriesProviders" name="test_deposit_providers_for_country[GA-XAF-Gabon]" time="0.036" /><testcase classname="backend.tests.test_airtime_deposit_withdraw.TestAllCountriesProviders" name="test_deposit_providers_for_country[CG-XAF-Congo-Brazzaville]" time="0.033" /><testcase classname="backend.tests.test_airtime_deposit_withdraw.TestAllCountriesProviders" name="test_deposit_providers_for_country[CD-CDF-RD Congo]" time="0.034" /><testcase classname="backend.tests.test_airtime_deposit_withdraw.TestAllCountriesProviders" name="test_deposit_providers_for_country[KE-KES-Kenya]" time="0.030" /><testcase classname="backend.tests.test_airtime_deposit_withdraw.TestAllCountriesProviders" name="test_deposit_providers_for_country[TZ-TZS-Tanzanie]" time="0.032" /><testcase classname="backend.tests.test_airtime_deposit_withdraw.TestAllCountriesProviders" name="test_deposit_providers_for_country[UG-UGX-Ouganda]" time="0.032" /><testcase classname="backend.tests.test_airtime_deposit_withdraw.TestAllCountriesProviders" name="test_deposit_providers_for_country[RW-RWF-Rwanda]" time="0.033" /><testcase classname="backend.tests.test_airtime_deposit_withdraw.TestAllCountriesProviders" name="test_deposit_providers_for_country[ZM-ZMW-Zambie]" time="0.034" /><testcase classname="backend.tests.test_airtime_deposit_withdraw.TestAllCountriesProviders" name="test_deposit_providers_for_country[ZW-ZWL-Zimbabwe]" time="0.074" /><testcase classname="backend.tests.test_airtime_deposit_withdraw.TestAllCountriesProviders" name="test_deposit_providers_for_country[MA-MAD-Maroc]" time="0.033" /><testcase classname="backend.tests.test_airtime_deposit_withdraw.TestAllCountriesProviders" name="test_withdrawal_providers_for_country[SN-XOF-S\xe9n\xe9gal]" time="0.033" /><testcase classname="backend.tests.test_airtime_deposit_withdraw.TestAllCountriesProviders" name="test_withdrawal_providers_for_country[CI-XOF-C\xf4te d'Ivoire]" time="0.033" /><testcase classname="backend.tests.test_airtime_deposit_withdraw.TestAllCountriesProviders" name="test_withdrawal_providers_for_country[ML-XOF-Mali]" time="0.032" /><testcase classname="backend.tests.test_airtime_deposit_withdraw.TestAllCountriesProviders" name="test_withdrawal_providers_for_country[BF-XOF-Burkina Faso]" time="0.030" /><testcase classname="backend.tests.test_airtime_deposit_withdraw.TestAllCountriesProviders" name="test_withdrawal_providers_for_country[BJ-XOF-B\xe9nin]" time="0.034" /><testcase classname="backend.tests.test_airtime_deposit_withdraw.TestAllCountriesProviders" name="test_withdrawal_providers_for_country[TG-XOF-Togo]" time="0.032" /><testcase classname="backend.tests.test_airtime_deposit_withdraw.TestAllCountriesProviders" name="test_withdrawal_providers_for_country[NE-XOF-Niger]" time="0.033" /><testcase classname="backend.tests.test_airtime_deposit_withdraw.TestAllCountriesProviders" name="test_withdrawal_providers_for_country[GW-XOF-Guin\xe9e-Bissau]" time="0.032" /><testcase classname="backend.tests.test_airtime_deposit_withdraw.TestAllCountriesProviders" name="test_withdrawal_providers_for_country[GN-GNF-Guin\xe9e]" time="0.033" /><testcase classname="backend.tests.test_airtime_deposit_withdraw.TestAllCountriesProviders" name="test_withdrawal_providers_for_country[GH-GHS-Ghana]" time="0.030" /><testcase classname="backend.tests.test_airtime_deposit_withdraw.TestAllCountriesProviders" name="test_withdrawal_providers_for_country[NG-NGN-Nigeria]" time="0.031" /><testcase classname="backend.tests.test_airtime_deposit_withdraw.TestAllCountriesProviders" name="test_withdrawal_providers_for_country[LR-LRD-Liberia]" time="0.034" /><testcase classname="backend.tests.test_airtime_deposit_withdraw.TestAllCountriesProviders" name="test_withdrawal_providers_for_country[SL-SLL-Sierra Leone]" time="0.032" /><testcase classname="backend.tests.test_airtime_deposit_withdraw.TestAllCountriesProviders" name="test_withdrawal_providers_for_country[CM-XAF-Cameroun]" time="0.031" /><testcase classname="backend.tests.test_airtime_deposit_withdraw.TestAllCountriesProviders" name="test_withdrawal_providers_for_country[GA-XAF-Gabon]" time="0.031" /><testcase classname="backend.tests.test_airtime_deposit_withdraw.TestAllCountriesProviders" name="test_withdrawal_providers_for_country[CG-XAF-Congo-Brazzaville]" time="0.033" /><testcase classname="backend.tests.test_airtime_deposit_withdraw.TestAllCountriesProviders" name="test_withdrawal_providers_for_country[CD-CDF-RD Congo]" time="0.077" /><testcase classname="backend.tests.test_airtime_deposit_withdraw.TestAllCountriesProviders" name="test_withdrawal_providers_for_country[KE-KES-Kenya]" time="0.033" /><testcase classname="backend.tests.test_airtime_deposit_withdraw.TestAllCountriesProviders" name="test_withdrawal_providers_for_country[TZ-TZS-Tanzanie]" time="0.033" /><testcase classname="backend.tests.test_airtime_deposit_withdraw.TestAllCountriesProviders" name="test_withdrawal_providers_for_country[UG-UGX-Ouganda]" time="0.032" /><testcase classname="backend.tests.test_airtime_deposit_withdraw.TestAllCountriesProviders" name="test_withdrawal_providers_for_country[RW-RWF-Rwanda]" time="0.033" /><testcase classname="backend.tests.test_airtime_deposit_withdraw.TestAllCountriesProviders" name="test_withdrawal_providers_for_country[ZM-ZMW-Zambie]" time="0.031" /><testcase classname="backend.tests.test_airtime_deposit_withdraw.TestAllCountriesProviders" name="test_withdrawal_providers_for_country[ZW-ZWL-Zimbabwe]" time="0.034" /><testcase classname="backend.tests.test_airtime_deposit_withdraw.TestAllCountriesProviders" name="test_withdrawal_providers_for_country[MA-MAD-Maroc]" time="0.034" /><testcase classname="backend.tests.test_airtime_deposit_withdraw.TestAirtimeEndpoints" name="test_airtime_countries" time="0.046" /><testcase classname="backend.tests.test_airtime_deposit_withdraw.TestAirtimeEndpoints" name="test_airtime_operators_senegal" time="0.033" /><testcase classname="backend.tests.test_airtime_deposit_withdraw.TestAirtimeEndpoints" name="test_airtime_operators_ghana" time="0.033" /><testcase classname="backend.tests.test_airtime_deposit_withdraw.TestDepositConfig" name="test_deposit_config" time="0.290" /><testcase classname="backend.tests.test_airtime_deposit_withdraw.TestWithdrawalConfig" name="test_withdrawal_config" time="0.288" /></testsuite></testsuites>