<?xml version="1.0" encoding="utf-8"?><testsuites name="pytest tests"><testsuite name="pytest" errors="0" failures="0" skipped="0" tests="20" time="1.027" timestamp="2026-02-05T23:08:21.236482+00:00" hostname="agent-env-c148dbbf-7472-4bf4-a904-bf9434b22b80"><testcase classname="backend.tests.test_international_payments.TestInternationalPaymentsProviders" name="test_get_all_providers" time="0.080" /><testcase classname="backend.tests.test_international_payments.TestInternationalPaymentsProviders" name="test_get_europe_providers" time="0.040" /><testcase classname="backend.tests.test_international_payments.TestInternationalPaymentsProviders" name="test_get_usa_providers" time="0.041" /><testcase classname="backend.tests.test_international_payments.TestInternationalPaymentsProviders" name="test_get_asia_providers_alipay_wechat" time="0.039" /><testcase classname="backend.tests.test_international_payments.TestInternationalPaymentsProviders" name="test_get_africa_providers" time="0.039" /><testcase classname="backend.tests.test_international_payments.TestInternationalPaymentsProviders" name="test_get_invalid_region" time="0.050" /><testcase classname="backend.tests.test_international_payments.TestInternationalPaymentsProviders" name="test_providers_with_region_query_param" time="0.042" /><testcase classname="backend.tests.test_international_payments.TestExchangeRateAPI" name="test_exchange_rate_eur_to_usd" time="0.040" /><testcase classname="backend.tests.test_international_payments.TestExchangeRateAPI" name="test_exchange_rate_eur_to_cny" time="0.043" /><testcase classname="backend.tests.test_international_payments.TestExchangeRateAPI" name="test_exchange_rate_same_currency" time="0.078" /><testcase classname="backend.tests.test_international_payments.TestExchangeRateAPI" name="test_exchange_rate_xof_to_eur" time="0.035" /><testcase classname="backend.tests.test_international_payments.TestProviderDetails" name="test_alipay_configuration" time="0.040" /><testcase classname="backend.tests.test_international_payments.TestProviderDetails" name="test_wechat_pay_configuration" time="0.038" /><testcase classname="backend.tests.test_international_payments.TestProviderDetails" name="test_paypal_configuration" time="0.038" /><testcase classname="backend.tests.test_international_payments.TestProviderDetails" name="test_sepa_configuration" time="0.043" /><testcase classname="backend.tests.test_international_payments.TestProviderDetails" name="test_ach_configuration" time="0.038" /><testcase classname="backend.tests.test_international_payments.TestLandingPageAPIs" name="test_landing_page_loads" time="0.036" /><testcase classname="backend.tests.test_international_payments.TestLandingPageAPIs" name="test_legal_terms_page" time="0.041" /><testcase classname="backend.tests.test_international_payments.TestLandingPageAPIs" name="test_legal_privacy_page" time="0.039" /><testcase classname="backend.tests.test_international_payments.TestLandingPageAPIs" name="test_legal_pricing_page" time="0.041" /></testsuite></testsuites>