<?xml version="1.0" encoding="utf-8"?><testsuites name="pytest tests"><testsuite name="pytest" errors="0" failures="0" skipped="0" tests="15" time="1.266" timestamp="2026-02-04T04:51:32.967000+00:00" hostname="agent-env-c148dbbf-7472-4bf4-a904-bf9434b22b80"><testcase classname="tests.test_mobile_money_countries.TestMobileMoneyOperatorsAPI" name="test_get_all_operators_returns_all_countries" time="0.077" /><testcase classname="tests.test_mobile_money_countries.TestMobileMoneyOperatorsAPI" name="test_operators_by_country_structure" time="0.037" /><testcase classname="tests.test_mobile_money_countries.TestMobileMoneyOperatorsAPI" name="test_kenya_operators" time="0.035" /><testcase classname="tests.test_mobile_money_countries.TestMobileMoneyOperatorsAPI" name="test_nigeria_operators" time="0.037" /><testcase classname="tests.test_mobile_money_countries.TestMobileMoneyOperatorsAPI" name="test_senegal_operators" time="0.034" /><testcase classname="tests.test_mobile_money_countries.TestMobileMoneyOperatorsAPI" name="test_ghana_operators" time="0.036" /><testcase classname="tests.test_mobile_money_countries.TestMobileMoneyOperatorsAPI" name="test_cameroon_operators" time="0.036" /><testcase classname="tests.test_mobile_money_countries.TestMobileMoneyOperatorsAPI" name="test_east_africa_countries" time="0.109" /><testcase classname="tests.test_mobile_money_countries.TestMobileMoneyOperatorsAPI" name="test_southern_africa_countries" time="0.043" /><testcase classname="tests.test_mobile_money_countries.TestMobileMoneyOperatorsAPI" name="test_morocco_operators" time="0.036" /><testcase classname="tests.test_mobile_money_countries.TestMobileMoneyOperatorsAPI" name="test_invalid_country_returns_all" time="0.034" /><testcase classname="tests.test_mobile_money_countries.TestMobileMoneyFeesAPI" name="test_calculate_fees_same_operator" time="0.076" /><testcase classname="tests.test_mobile_money_countries.TestMobileMoneyFeesAPI" name="test_calculate_fees_cross_operator" time="0.046" /><testcase classname="tests.test_mobile_money_countries.TestMobileMoneyTransferAPI" name="test_transfer_requires_auth" time="0.296" /><testcase classname="tests.test_mobile_money_countries.TestMobileMoneyTransferAPI" name="test_get_transfers_history" time="0.266" /></testsuite></testsuites>