<?xml version="1.0" encoding="utf-8"?><testsuites name="pytest tests"><testsuite name="pytest" errors="0" failures="0" skipped="0" tests="18" time="6.095" timestamp="2026-02-04T03:21:02.243270+00:00" hostname="agent-env-78f41b48-a494-4fcd-8c58-dd2b2cdeb93b"><testcase classname="backend.tests.test_money_requests.TestLoginSbpaygoId" name="test_user_login_returns_sbpaygo_id" time="0.322" /><testcase classname="backend.tests.test_money_requests.TestLoginSbpaygoId" name="test_test_user_login_returns_sbpaygo_id" time="0.261" /><testcase classname="backend.tests.test_money_requests.TestLoginSbpaygoId" name="test_admin_login_returns_sbpaygo_id" time="0.282" /><testcase classname="backend.tests.test_money_requests.TestMoneyRequestsLookup" name="test_lookup_by_sbpaygo_id" time="0.557" /><testcase classname="backend.tests.test_money_requests.TestMoneyRequestsLookup" name="test_lookup_by_email" time="0.297" /><testcase classname="backend.tests.test_money_requests.TestMoneyRequestsLookup" name="test_lookup_by_phone" time="0.295" /><testcase classname="backend.tests.test_money_requests.TestMoneyRequestsLookup" name="test_lookup_nonexistent_user" time="0.326" /><testcase classname="backend.tests.test_money_requests.TestMoneyRequestsLookup" name="test_lookup_without_auth" time="0.034" /><testcase classname="backend.tests.test_money_requests.TestMoneyRequestsCreate" name="test_create_money_request_by_id" time="0.555" /><testcase classname="backend.tests.test_money_requests.TestMoneyRequestsCreate" name="test_create_money_request_by_email" time="0.301" /><testcase classname="backend.tests.test_money_requests.TestMoneyRequestsCreate" name="test_create_money_request_invalid_amount" time="0.574" /><testcase classname="backend.tests.test_money_requests.TestMoneyRequestsCreate" name="test_create_money_request_to_self" time="0.552" /><testcase classname="backend.tests.test_money_requests.TestMoneyRequestsSentReceived" name="test_get_sent_requests" time="0.314" /><testcase classname="backend.tests.test_money_requests.TestMoneyRequestsSentReceived" name="test_get_received_requests" time="0.289" /><testcase classname="backend.tests.test_money_requests.TestMoneyRequestsSentReceived" name="test_sent_requests_without_auth" time="0.033" /><testcase classname="backend.tests.test_money_requests.TestMoneyRequestsSentReceived" name="test_received_requests_without_auth" time="0.040" /><testcase classname="backend.tests.test_money_requests.TestMoneyRequestsRespond" name="test_reject_request" time="0.602" /><testcase classname="backend.tests.test_money_requests.TestMoneyRequestsCancel" name="test_cancel_own_request" time="0.338" /></testsuite></testsuites>