<?xml version="1.0" encoding="utf-8"?><testsuites name="pytest tests"><testsuite name="pytest" errors="0" failures="0" skipped="0" tests="18" time="6.054" timestamp="2026-02-04T04:29:06.840539+00:00" hostname="agent-env-c148dbbf-7472-4bf4-a904-bf9434b22b80"><testcase classname="backend.tests.test_money_requests.TestLoginSbpaygoId" name="test_user_login_returns_sbpaygo_id" time="0.283" /><testcase classname="backend.tests.test_money_requests.TestLoginSbpaygoId" name="test_test_user_login_returns_sbpaygo_id" time="0.258" /><testcase classname="backend.tests.test_money_requests.TestLoginSbpaygoId" name="test_admin_login_returns_sbpaygo_id" time="0.258" /><testcase classname="backend.tests.test_money_requests.TestMoneyRequestsLookup" name="test_lookup_by_sbpaygo_id" time="0.562" /><testcase classname="backend.tests.test_money_requests.TestMoneyRequestsLookup" name="test_lookup_by_email" time="0.297" /><testcase classname="backend.tests.test_money_requests.TestMoneyRequestsLookup" name="test_lookup_by_phone" time="0.304" /><testcase classname="backend.tests.test_money_requests.TestMoneyRequestsLookup" name="test_lookup_nonexistent_user" time="0.304" /><testcase classname="backend.tests.test_money_requests.TestMoneyRequestsLookup" name="test_lookup_without_auth" time="0.034" /><testcase classname="backend.tests.test_money_requests.TestMoneyRequestsCreate" name="test_create_money_request_by_id" time="0.558" /><testcase classname="backend.tests.test_money_requests.TestMoneyRequestsCreate" name="test_create_money_request_by_email" time="0.296" /><testcase classname="backend.tests.test_money_requests.TestMoneyRequestsCreate" name="test_create_money_request_invalid_amount" time="0.557" /><testcase classname="backend.tests.test_money_requests.TestMoneyRequestsCreate" name="test_create_money_request_to_self" time="0.562" /><testcase classname="backend.tests.test_money_requests.TestMoneyRequestsSentReceived" name="test_get_sent_requests" time="0.298" /><testcase classname="backend.tests.test_money_requests.TestMoneyRequestsSentReceived" name="test_get_received_requests" time="0.296" /><testcase classname="backend.tests.test_money_requests.TestMoneyRequestsSentReceived" name="test_sent_requests_without_auth" time="0.034" /><testcase classname="backend.tests.test_money_requests.TestMoneyRequestsSentReceived" name="test_received_requests_without_auth" time="0.078" /><testcase classname="backend.tests.test_money_requests.TestMoneyRequestsRespond" name="test_reject_request" time="0.642" /><testcase classname="backend.tests.test_money_requests.TestMoneyRequestsCancel" name="test_cancel_own_request" time="0.328" /></testsuite></testsuites>