<?xml version="1.0" encoding="utf-8"?><testsuites name="pytest tests"><testsuite name="pytest" errors="0" failures="0" skipped="0" tests="14" time="3.352" timestamp="2026-02-02T22:02:56.757672+00:00" hostname="agent-env-a0da40b8-18fd-41e0-8356-f80637f37bfb"><testcase classname="backend.tests.test_p2p_transfers.TestPhoneLookup" name="test_lookup_existing_user" time="0.325" /><testcase classname="backend.tests.test_p2p_transfers.TestPhoneLookup" name="test_lookup_nonexistent_user" time="0.301" /><testcase classname="backend.tests.test_p2p_transfers.TestPhoneLookup" name="test_lookup_self_blocked" time="0.338" /><testcase classname="backend.tests.test_p2p_transfers.TestPhoneLookup" name="test_lookup_requires_auth" time="0.040" /><testcase classname="backend.tests.test_p2p_transfers.TestP2PTransfer" name="test_transfer_insufficient_balance" time="0.380" /><testcase classname="backend.tests.test_p2p_transfers.TestP2PTransfer" name="test_transfer_max_limit" time="0.300" /><testcase classname="backend.tests.test_p2p_transfers.TestP2PTransfer" name="test_transfer_to_nonexistent_user" time="0.293" /><testcase classname="backend.tests.test_p2p_transfers.TestP2PTransfer" name="test_transfer_requires_auth" time="0.033" /><testcase classname="backend.tests.test_p2p_transfers.TestTransferHistory" name="test_get_transfer_history" time="0.296" /><testcase classname="backend.tests.test_p2p_transfers.TestTransferHistory" name="test_transfer_history_pagination" time="0.295" /><testcase classname="backend.tests.test_p2p_transfers.TestTransferHistory" name="test_transfer_history_requires_auth" time="0.036" /><testcase classname="backend.tests.test_p2p_transfers.TestRecentContacts" name="test_get_recent_contacts" time="0.299" /><testcase classname="backend.tests.test_p2p_transfers.TestRecentContacts" name="test_recent_contacts_limit" time="0.311" /><testcase classname="backend.tests.test_p2p_transfers.TestRecentContacts" name="test_recent_contacts_requires_auth" time="0.043" /></testsuite></testsuites>