<?xml version="1.0" encoding="utf-8"?><testsuites name="pytest tests"><testsuite name="pytest" errors="0" failures="1" skipped="0" tests="19" time="11.139" timestamp="2026-02-03T10:53:57.298906+00:00" hostname="agent-env-e4f09073-1bc5-489b-bd7d-39480189fb7e"><testcase classname="backend.tests.test_partners_module.TestPartnerRegistration" name="test_register_new_partner" time="0.312" /><testcase classname="backend.tests.test_partners_module.TestPartnerRegistration" name="test_register_duplicate_email" time="0.304" /><testcase classname="backend.tests.test_partners_module.TestPartnerLogin" name="test_login_pending_partner" time="0.525" /><testcase classname="backend.tests.test_partners_module.TestPartnerLogin" name="test_login_invalid_credentials" time="0.045" /><testcase classname="backend.tests.test_partners_module.TestPartnerLogin" name="test_login_missing_fields" time="0.039" /><testcase classname="backend.tests.test_partners_module.TestAdminPartnerManagement" name="test_admin_list_partners" time="0.304" /><testcase classname="backend.tests.test_partners_module.TestAdminPartnerManagement" name="test_admin_list_partners_filter_by_status" time="0.301" /><testcase classname="backend.tests.test_partners_module.TestAdminPartnerManagement" name="test_admin_activate_partner" time="0.902" /><testcase classname="backend.tests.test_partners_module.TestAdminPartnerManagement" name="test_admin_suspend_partner" time="0.899" /><testcase classname="backend.tests.test_partners_module.TestAdminPartnerManagement" name="test_admin_get_partner_details" time="0.338" /><testcase classname="backend.tests.test_partners_module.TestAdminPartnerManagement" name="test_admin_unauthorized_access" time="0.325"><failure message="AssertionError: Regular user should not access admin endpoints&#10;assert 401 == 403&#10; +  where 401 = &lt;Response [401]&gt;.status_code">backend/tests/test_partners_module.py:317: in test_admin_unauthorized_access
    assert response.status_code == 403, "Regular user should not access admin endpoints"
E   AssertionError: Regular user should not access admin endpoints
E   assert 401 == 403
E    +  where 401 = &lt;Response [401]&gt;.status_code</failure></testcase><testcase classname="backend.tests.test_partners_module.TestPartnerDashboard" name="test_get_partner_dashboard" time="0.916" /><testcase classname="backend.tests.test_partners_module.TestPartnerDashboard" name="test_get_partner_profile" time="0.910" /><testcase classname="backend.tests.test_partners_module.TestPartnerDashboard" name="test_dashboard_requires_auth" time="0.032" /><testcase classname="backend.tests.test_partners_module.TestWithdrawalFlow" name="test_initiate_withdrawal_client_not_found" time="0.894" /><testcase classname="backend.tests.test_partners_module.TestWithdrawalFlow" name="test_initiate_withdrawal_success" time="0.933" /><testcase classname="backend.tests.test_partners_module.TestWithdrawalFlow" name="test_confirm_withdrawal_invalid_otp" time="0.943" /><testcase classname="backend.tests.test_partners_module.TestWithdrawalFlow" name="test_full_withdrawal_flow" time="0.940" /><testcase classname="backend.tests.test_partners_module.TestWithdrawalFlow" name="test_cancel_withdrawal" time="1.044" /></testsuite></testsuites>