<?xml version="1.0" encoding="utf-8"?><testsuites name="pytest tests"><testsuite name="pytest" errors="0" failures="0" skipped="0" tests="19" time="11.036" timestamp="2026-02-03T10:58:08.906019+00:00" hostname="agent-env-e4f09073-1bc5-489b-bd7d-39480189fb7e"><testcase classname="backend.tests.test_partners_module.TestPartnerRegistration" name="test_register_new_partner" time="0.283" /><testcase classname="backend.tests.test_partners_module.TestPartnerRegistration" name="test_register_duplicate_email" time="0.303" /><testcase classname="backend.tests.test_partners_module.TestPartnerLogin" name="test_login_pending_partner" time="0.522" /><testcase classname="backend.tests.test_partners_module.TestPartnerLogin" name="test_login_invalid_credentials" time="0.038" /><testcase classname="backend.tests.test_partners_module.TestPartnerLogin" name="test_login_missing_fields" time="0.037" /><testcase classname="backend.tests.test_partners_module.TestAdminPartnerManagement" name="test_admin_list_partners" time="0.302" /><testcase classname="backend.tests.test_partners_module.TestAdminPartnerManagement" name="test_admin_list_partners_filter_by_status" time="0.304" /><testcase classname="backend.tests.test_partners_module.TestAdminPartnerManagement" name="test_admin_activate_partner" time="0.902" /><testcase classname="backend.tests.test_partners_module.TestAdminPartnerManagement" name="test_admin_suspend_partner" time="0.938" /><testcase classname="backend.tests.test_partners_module.TestAdminPartnerManagement" name="test_admin_get_partner_details" time="0.335" /><testcase classname="backend.tests.test_partners_module.TestAdminPartnerManagement" name="test_admin_unauthorized_access" time="0.335" /><testcase classname="backend.tests.test_partners_module.TestPartnerDashboard" name="test_get_partner_dashboard" time="0.953" /><testcase classname="backend.tests.test_partners_module.TestPartnerDashboard" name="test_get_partner_profile" time="0.934" /><testcase classname="backend.tests.test_partners_module.TestPartnerDashboard" name="test_dashboard_requires_auth" time="0.037" /><testcase classname="backend.tests.test_partners_module.TestWithdrawalFlow" name="test_initiate_withdrawal_client_not_found" time="0.902" /><testcase classname="backend.tests.test_partners_module.TestWithdrawalFlow" name="test_initiate_withdrawal_success" time="0.934" /><testcase classname="backend.tests.test_partners_module.TestWithdrawalFlow" name="test_confirm_withdrawal_invalid_otp" time="0.978" /><testcase classname="backend.tests.test_partners_module.TestWithdrawalFlow" name="test_full_withdrawal_flow" time="0.947" /><testcase classname="backend.tests.test_partners_module.TestWithdrawalFlow" name="test_cancel_withdrawal" time="0.964" /></testsuite></testsuites>