<?xml version="1.0" encoding="utf-8"?><testsuites name="pytest tests"><testsuite name="pytest" errors="0" failures="0" skipped="0" tests="40" time="1.644" timestamp="2026-02-04T03:45:38.778398+00:00" hostname="agent-env-78f41b48-a494-4fcd-8c58-dd2b2cdeb93b"><testcase classname="backend.tests.test_phase2_features.TestSavedCardsAPI" name="test_list_cards_requires_auth" time="0.080" /><testcase classname="backend.tests.test_phase2_features.TestSavedCardsAPI" name="test_list_cards_empty_initially" time="0.244" /><testcase classname="backend.tests.test_phase2_features.TestSavedCardsAPI" name="test_add_card_invalid_number" time="0.007" /><testcase classname="backend.tests.test_phase2_features.TestSavedCardsAPI" name="test_add_card_expired" time="0.048" /><testcase classname="backend.tests.test_phase2_features.TestSavedCardsAPI" name="test_add_card_visa_success" time="0.010" /><testcase classname="backend.tests.test_phase2_features.TestSavedCardsAPI" name="test_add_duplicate_card" time="0.007" /><testcase classname="backend.tests.test_phase2_features.TestSavedCardsAPI" name="test_add_card_mastercard_success" time="0.050" /><testcase classname="backend.tests.test_phase2_features.TestSavedCardsAPI" name="test_list_cards_after_add" time="0.009" /><testcase classname="backend.tests.test_phase2_features.TestSavedCardsAPI" name="test_get_default_card" time="0.007" /><testcase classname="backend.tests.test_phase2_features.TestSavedCardsAPI" name="test_set_default_card" time="0.049" /><testcase classname="backend.tests.test_phase2_features.TestSavedCardsAPI" name="test_delete_card_not_found" time="0.007" /><testcase classname="backend.tests.test_phase2_features.TestSavedCardsAPI" name="test_delete_card_success" time="0.059" /><testcase classname="backend.tests.test_phase2_features.TestGeoSecurityAPI" name="test_get_settings_requires_auth" time="0.048" /><testcase classname="backend.tests.test_phase2_features.TestGeoSecurityAPI" name="test_get_settings_default" time="0.007" /><testcase classname="backend.tests.test_phase2_features.TestGeoSecurityAPI" name="test_update_settings_missing_coords" time="0.048" /><testcase classname="backend.tests.test_phase2_features.TestGeoSecurityAPI" name="test_update_settings_invalid_coords" time="0.008" /><testcase classname="backend.tests.test_phase2_features.TestGeoSecurityAPI" name="test_update_settings_enable_success" time="0.048" /><testcase classname="backend.tests.test_phase2_features.TestGeoSecurityAPI" name="test_check_location_within_radius" time="0.009" /><testcase classname="backend.tests.test_phase2_features.TestGeoSecurityAPI" name="test_check_location_outside_radius" time="0.007" /><testcase classname="backend.tests.test_phase2_features.TestGeoSecurityAPI" name="test_get_geo_logs" time="0.008" /><testcase classname="backend.tests.test_phase2_features.TestGeoSecurityAPI" name="test_disable_geo_security" time="0.048" /><testcase classname="backend.tests.test_phase2_features.TestGeoSecurityAPI" name="test_check_location_when_disabled" time="0.007" /><testcase classname="backend.tests.test_phase2_features.TestAdminStaffAPI" name="test_init_staff_system" time="0.236" /><testcase classname="backend.tests.test_phase2_features.TestAdminStaffAPI" name="test_get_roles" time="0.007" /><testcase classname="backend.tests.test_phase2_features.TestAdminStaffAPI" name="test_get_permissions_catalog" time="0.007" /><testcase classname="backend.tests.test_phase2_features.TestAdminStaffAPI" name="test_create_role" time="0.050" /><testcase classname="backend.tests.test_phase2_features.TestAdminStaffAPI" name="test_create_duplicate_role" time="0.007" /><testcase classname="backend.tests.test_phase2_features.TestAdminStaffAPI" name="test_get_staff_members" time="0.049" /><testcase classname="backend.tests.test_phase2_features.TestAdminStaffAPI" name="test_create_staff_member" time="0.008" /><testcase classname="backend.tests.test_phase2_features.TestAdminStaffAPI" name="test_create_duplicate_staff" time="0.051" /><testcase classname="backend.tests.test_phase2_features.TestAdminStaffAPI" name="test_get_staff_member_detail" time="0.008" /><testcase classname="backend.tests.test_phase2_features.TestAdminStaffAPI" name="test_update_staff_member" time="0.015" /><testcase classname="backend.tests.test_phase2_features.TestAdminStaffAPI" name="test_toggle_staff_status" time="0.051" /><testcase classname="backend.tests.test_phase2_features.TestAdminStaffAPI" name="test_get_activity_logs" time="0.008" /><testcase classname="backend.tests.test_phase2_features.TestAdminStaffAPI" name="test_get_logs_stats" time="0.049" /><testcase classname="backend.tests.test_phase2_features.TestAdminStaffAPI" name="test_delete_staff_member" time="0.008" /><testcase classname="backend.tests.test_phase2_features.TestAdminStaffAPI" name="test_delete_role" time="0.048" /><testcase classname="backend.tests.test_phase2_features.TestAdminStaffAPI" name="test_cannot_delete_system_role" time="0.007" /><testcase classname="backend.tests.test_phase2_features.TestCleanup" name="test_cleanup_test_cards" time="0.106" /><testcase classname="backend.tests.test_phase2_features.TestCleanup" name="test_reset_geo_settings" time="0.008" /></testsuite></testsuites>