<?xml version="1.0" encoding="utf-8"?><testsuites name="pytest tests"><testsuite name="pytest" errors="0" failures="0" skipped="0" tests="30" time="7.689" timestamp="2026-02-02T15:03:15.153540+00:00" hostname="agent-env-a1b150f8-151b-4f71-a93d-b3f6b26e5f7a"><testcase classname="backend.tests.test_sbpay_api.TestHealthCheck" name="test_api_health" time="0.067" /><testcase classname="backend.tests.test_sbpay_api.TestAuthentication" name="test_admin_login_success" time="0.263" /><testcase classname="backend.tests.test_sbpay_api.TestAuthentication" name="test_user_login_success" time="0.299" /><testcase classname="backend.tests.test_sbpay_api.TestAuthentication" name="test_login_invalid_credentials" time="0.078" /><testcase classname="backend.tests.test_sbpay_api.TestAuthentication" name="test_auth_me_with_token" time="0.304" /><testcase classname="backend.tests.test_sbpay_api.TestAuthentication" name="test_auth_me_without_token" time="0.037" /><testcase classname="backend.tests.test_sbpay_api.TestAdminDashboard" name="test_admin_stats" time="0.298" /><testcase classname="backend.tests.test_sbpay_api.TestAdminDashboard" name="test_admin_stats_requires_admin" time="0.315" /><testcase classname="backend.tests.test_sbpay_api.TestAdminUsers" name="test_admin_get_users" time="0.309" /><testcase classname="backend.tests.test_sbpay_api.TestAdminUsers" name="test_admin_get_users_pagination" time="0.300" /><testcase classname="backend.tests.test_sbpay_api.TestAdminUsers" name="test_admin_get_single_user" time="0.336" /><testcase classname="backend.tests.test_sbpay_api.TestAdminTransactions" name="test_admin_get_transactions" time="0.339" /><testcase classname="backend.tests.test_sbpay_api.TestAdminTransactions" name="test_admin_transactions_pagination" time="0.295" /><testcase classname="backend.tests.test_sbpay_api.TestAdminDocuments" name="test_admin_get_documents" time="0.309" /><testcase classname="backend.tests.test_sbpay_api.TestAdminDocuments" name="test_admin_get_documents_by_status" time="0.331" /><testcase classname="backend.tests.test_sbpay_api.TestAdminZones" name="test_get_zones" time="0.037" /><testcase classname="backend.tests.test_sbpay_api.TestAdminZones" name="test_admin_create_zone" time="0.337" /><testcase classname="backend.tests.test_sbpay_api.TestUserWallets" name="test_get_wallets" time="0.298" /><testcase classname="backend.tests.test_sbpay_api.TestUserWallets" name="test_get_wallet_by_currency" time="0.301" /><testcase classname="backend.tests.test_sbpay_api.TestUserTransactions" name="test_get_transactions" time="0.315" /><testcase classname="backend.tests.test_sbpay_api.TestTransferFlow" name="test_transfer_to_self_rejected" time="0.296" /><testcase classname="backend.tests.test_sbpay_api.TestTransferFlow" name="test_transfer_to_nonexistent_user" time="0.296" /><testcase classname="backend.tests.test_sbpay_api.TestDepositFlow" name="test_stripe_checkout_creation" time="1.003" /><testcase classname="backend.tests.test_sbpay_api.TestDepositFlow" name="test_paypal_checkout_creation" time="0.290" /><testcase classname="backend.tests.test_sbpay_api.TestDepositFlow" name="test_mobile_money_providers" time="0.039" /><testcase classname="backend.tests.test_sbpay_api.TestDepositFlow" name="test_mobile_money_deposit" time="0.300" /><testcase classname="backend.tests.test_sbpay_api.TestMiscEndpoints" name="test_get_currencies" time="0.033" /><testcase classname="backend.tests.test_sbpay_api.TestMiscEndpoints" name="test_get_languages" time="0.035" /><testcase classname="backend.tests.test_sbpay_api.TestMiscEndpoints" name="test_get_banks" time="0.037" /><testcase classname="backend.tests.test_sbpay_api.TestMiscEndpoints" name="test_get_banks_by_country" time="0.033" /></testsuite></testsuites>