<?xml version="1.0" encoding="utf-8"?><testsuites name="pytest tests"><testsuite name="pytest" errors="0" failures="0" skipped="0" tests="19" time="8.896" timestamp="2026-02-02T23:09:07.241745+00:00" hostname="agent-env-4b4c01a8-d893-4498-b1d2-311e9056e7e8"><testcase classname="backend.tests.test_quick_pin_login.TestQuickPinLoginSetup" name="test_quick_pin_status_not_configured" time="0.315" /><testcase classname="backend.tests.test_quick_pin_login.TestQuickPinLoginSetup" name="test_quick_pin_status_requires_auth" time="0.322" /><testcase classname="backend.tests.test_quick_pin_login.TestQuickPinLoginSetup" name="test_quick_pin_setup_requires_auth" time="0.341" /><testcase classname="backend.tests.test_quick_pin_login.TestQuickPinLoginSetup" name="test_quick_pin_setup_wrong_password" time="0.493" /><testcase classname="backend.tests.test_quick_pin_login.TestQuickPinLoginSetup" name="test_quick_pin_setup_invalid_pin_format" time="0.544" /><testcase classname="backend.tests.test_quick_pin_login.TestQuickPinLoginSetup" name="test_quick_pin_setup_pin_too_short" time="0.272" /><testcase classname="backend.tests.test_quick_pin_login.TestQuickPinLoginSetup" name="test_quick_pin_setup_success" time="0.512" /><testcase classname="backend.tests.test_quick_pin_login.TestQuickPinLogin" name="test_check_device_valid" time="0.521" /><testcase classname="backend.tests.test_quick_pin_login.TestQuickPinLogin" name="test_check_device_invalid" time="0.511" /><testcase classname="backend.tests.test_quick_pin_login.TestQuickPinLogin" name="test_quick_pin_login_success" time="0.527" /><testcase classname="backend.tests.test_quick_pin_login.TestQuickPinLogin" name="test_quick_pin_login_wrong_pin" time="0.588" /><testcase classname="backend.tests.test_quick_pin_login.TestQuickPinLogin" name="test_quick_pin_login_invalid_device" time="0.544" /><testcase classname="backend.tests.test_quick_pin_login.TestQuickPinManagement" name="test_quick_pin_status_enabled" time="0.499" /><testcase classname="backend.tests.test_quick_pin_login.TestQuickPinManagement" name="test_quick_pin_change_wrong_current" time="0.535" /><testcase classname="backend.tests.test_quick_pin_login.TestQuickPinManagement" name="test_quick_pin_change_success" time="0.610" /><testcase classname="backend.tests.test_quick_pin_login.TestQuickPinManagement" name="test_quick_pin_disable_wrong_pin" time="0.504" /><testcase classname="backend.tests.test_quick_pin_login.TestQuickPinManagement" name="test_quick_pin_disable_success" time="0.520" /><testcase classname="backend.tests.test_quick_pin_login.TestQuickPinSecurity" name="test_change_requires_auth" time="0.299" /><testcase classname="backend.tests.test_quick_pin_login.TestQuickPinSecurity" name="test_disable_requires_auth" time="0.299" /></testsuite></testsuites>