<?xml version="1.0" encoding="utf-8"?><testsuites name="pytest tests"><testsuite name="pytest" errors="0" failures="0" skipped="0" tests="8" time="2.560" timestamp="2026-02-02T23:23:09.206709+00:00" hostname="agent-env-4b4c01a8-d893-4498-b1d2-311e9056e7e8"><testcase classname="backend.tests.test_receipts_dashboard.TestPDFReceipts" name="test_receipt_endpoint_returns_pdf" time="0.406" /><testcase classname="backend.tests.test_receipts_dashboard.TestPDFReceipts" name="test_receipt_requires_authentication" time="0.304" /><testcase classname="backend.tests.test_receipts_dashboard.TestPDFReceipts" name="test_receipt_not_found_for_invalid_id" time="0.328" /><testcase classname="backend.tests.test_receipts_dashboard.TestPDFReceipts" name="test_receipt_filename_format" time="0.295" /><testcase classname="backend.tests.test_receipts_dashboard.TestDashboardData" name="test_transactions_endpoint_returns_data" time="0.271" /><testcase classname="backend.tests.test_receipts_dashboard.TestDashboardData" name="test_transactions_have_required_fields_for_charts" time="0.268" /><testcase classname="backend.tests.test_receipts_dashboard.TestDashboardData" name="test_wallets_endpoint_returns_data" time="0.266" /><testcase classname="backend.tests.test_receipts_dashboard.TestThemeSupport" name="test_api_works_regardless_of_theme" time="0.303" /></testsuite></testsuites>