<?xml version="1.0" encoding="utf-8"?><testsuites name="pytest tests"><testsuite name="pytest" errors="0" failures="2" skipped="0" tests="17" time="5.713" timestamp="2026-02-03T13:34:59.081898+00:00" hostname="agent-env-1c77f3c2-2d5a-4bec-9ed4-1c09fa90d95f"><testcase classname="backend.tests.test_super_admin.TestSuperAdminAuthentication" name="test_admin_login_success" time="0.617" /><testcase classname="backend.tests.test_super_admin.TestSuperAdminAuthentication" name="test_admin_login_invalid_credentials" time="0.315" /><testcase classname="backend.tests.test_super_admin.TestUserManagement" name="test_get_all_users" time="0.313" /><testcase classname="backend.tests.test_super_admin.TestUserManagement" name="test_get_user_by_id" time="0.311"><failure message="AssertionError: assert 'email' in {'bank_accounts': [], 'documents': [], 'user': {'created_at': '2026-01-29T11:20:54.583632+00:00', 'email': 'admin@sbpay.com', 'full_name': 'Admin SB Pay', 'id': '6934e56e-8a5a-4a6f-bb01-5af1a06836ac', ...}, 'wallets': [{'balance': 0.0, 'created_at': '2026-01-29T11:20:54.583632+00:00', 'currency': 'EUR', 'id': 'f3b1e2c9-7cac-4855-9962-34c1dda67153', ...}, {'balance': 0.0, 'created_at': '2026-01-29T11:20:54.583632+00:00', 'currency': 'USD', 'id': 'f3873104-70dd-44bf-b62b-f3122c23f07f', ...}, {'balance': 0.0, 'created_at': '2026-01-29T11:20:54.583632+00:00', 'currency': 'XOF', 'id': 'b8d04936-e259-4069-995e-2e639cda3af9', ...}]}">backend/tests/test_super_admin.py:93: in test_get_user_by_id
    assert "email" in data
E   AssertionError: assert 'email' in {'bank_accounts': [], 'documents': [], 'user': {'created_at': '2026-01-29T11:20:54.583632+00:00', 'email': 'admin@sbpay.com', 'full_name': 'Admin SB Pay', 'id': '6934e56e-8a5a-4a6f-bb01-5af1a06836ac', ...}, 'wallets': [{'balance': 0.0, 'created_at': '2026-01-29T11:20:54.583632+00:00', 'currency': 'EUR', 'id': 'f3b1e2c9-7cac-4855-9962-34c1dda67153', ...}, {'balance': 0.0, 'created_at': '2026-01-29T11:20:54.583632+00:00', 'currency': 'USD', 'id': 'f3873104-70dd-44bf-b62b-f3122c23f07f', ...}, {'balance': 0.0, 'created_at': '2026-01-29T11:20:54.583632+00:00', 'currency': 'XOF', 'id': 'b8d04936-e259-4069-995e-2e639cda3af9', ...}]}</failure></testcase><testcase classname="backend.tests.test_super_admin.TestUserManagement" name="test_update_user_status" time="0.294" /><testcase classname="backend.tests.test_super_admin.TestUserManagement" name="test_get_user_activity" time="0.287" /><testcase classname="backend.tests.test_super_admin.TestPartnerManagement" name="test_get_all_partners" time="0.320" /><testcase classname="backend.tests.test_super_admin.TestPartnerManagement" name="test_create_partner" time="0.270"><failure message="assert 405 in [200, 201]&#10; +  where 405 = &lt;Response [405]&gt;.status_code">backend/tests/test_super_admin.py:191: in test_create_partner
    assert response.status_code in [200, 201]
E   assert 405 in [200, 201]
E    +  where 405 = &lt;Response [405]&gt;.status_code</failure></testcase><testcase classname="backend.tests.test_super_admin.TestPartnerManagement" name="test_update_partner_status" time="0.303" /><testcase classname="backend.tests.test_super_admin.TestPartnerManagement" name="test_update_partner_limits" time="0.321" /><testcase classname="backend.tests.test_super_admin.TestWalletOperations" name="test_wallet_credit_user" time="0.318" /><testcase classname="backend.tests.test_super_admin.TestWalletOperations" name="test_wallet_debit_user" time="0.339" /><testcase classname="backend.tests.test_super_admin.TestWalletOperations" name="test_wallet_credit_partner" time="0.351" /><testcase classname="backend.tests.test_super_admin.TestDocumentManagement" name="test_get_documents" time="0.276" /><testcase classname="backend.tests.test_super_admin.TestDocumentManagement" name="test_get_documents_by_user" time="0.280" /><testcase classname="backend.tests.test_super_admin.TestSearchFunctionality" name="test_filter_partners_by_status" time="0.267" /><testcase classname="backend.tests.test_super_admin.TestSearchFunctionality" name="test_filter_partners_by_pending" time="0.301" /></testsuite></testsuites>