<?xml version="1.0" encoding="utf-8"?><testsuites name="pytest tests"><testsuite name="pytest" errors="0" failures="0" skipped="0" tests="17" time="5.697" timestamp="2026-02-03T13:35:40.746721+00:00" hostname="agent-env-1c77f3c2-2d5a-4bec-9ed4-1c09fa90d95f"><testcase classname="backend.tests.test_super_admin.TestSuperAdminAuthentication" name="test_admin_login_success" time="0.579" /><testcase classname="backend.tests.test_super_admin.TestSuperAdminAuthentication" name="test_admin_login_invalid_credentials" time="0.302" /><testcase classname="backend.tests.test_super_admin.TestUserManagement" name="test_get_all_users" time="0.276" /><testcase classname="backend.tests.test_super_admin.TestUserManagement" name="test_get_user_by_id" time="0.325" /><testcase classname="backend.tests.test_super_admin.TestUserManagement" name="test_update_user_status" time="0.303" /><testcase classname="backend.tests.test_super_admin.TestUserManagement" name="test_get_user_activity" time="0.325" /><testcase classname="backend.tests.test_super_admin.TestPartnerManagement" name="test_get_all_partners" time="0.284" /><testcase classname="backend.tests.test_super_admin.TestPartnerManagement" name="test_create_partner" time="0.542" /><testcase classname="backend.tests.test_super_admin.TestPartnerManagement" name="test_update_partner_status" time="0.289" /><testcase classname="backend.tests.test_super_admin.TestPartnerManagement" name="test_update_partner_limits" time="0.368" /><testcase classname="backend.tests.test_super_admin.TestWalletOperations" name="test_wallet_credit_user" time="0.285" /><testcase classname="backend.tests.test_super_admin.TestWalletOperations" name="test_wallet_debit_user" time="0.341" /><testcase classname="backend.tests.test_super_admin.TestWalletOperations" name="test_wallet_credit_partner" time="0.288" /><testcase classname="backend.tests.test_super_admin.TestDocumentManagement" name="test_get_documents" time="0.272" /><testcase classname="backend.tests.test_super_admin.TestDocumentManagement" name="test_get_documents_by_user" time="0.283" /><testcase classname="backend.tests.test_super_admin.TestSearchFunctionality" name="test_filter_partners_by_status" time="0.293" /><testcase classname="backend.tests.test_super_admin.TestSearchFunctionality" name="test_filter_partners_by_pending" time="0.272" /></testsuite></testsuites>