<?xml version="1.0" encoding="utf-8"?><testsuites name="pytest tests"><testsuite name="pytest" errors="0" failures="1" skipped="0" tests="32" time="2.490" timestamp="2026-02-02T22:45:36.734169+00:00" hostname="agent-env-a0da40b8-18fd-41e0-8356-f80637f37bfb"><testcase classname="backend.tests.test_vault_contact.TestVaultBalance" name="test_get_vault_balance_success" time="0.359" /><testcase classname="backend.tests.test_vault_contact.TestVaultBalance" name="test_get_vault_balance_no_auth" time="0.087" /><testcase classname="backend.tests.test_vault_contact.TestVaultBalance" name="test_vault_limits_structure" time="0.039" /><testcase classname="backend.tests.test_vault_contact.TestVaultPin" name="test_verify_pin_success" time="0.035" /><testcase classname="backend.tests.test_vault_contact.TestVaultPin" name="test_verify_pin_wrong" time="0.036" /><testcase classname="backend.tests.test_vault_contact.TestVaultPin" name="test_verify_pin_invalid_format" time="0.045" /><testcase classname="backend.tests.test_vault_contact.TestVaultDeposit" name="test_deposit_success" time="0.042" /><testcase classname="backend.tests.test_vault_contact.TestVaultDeposit" name="test_deposit_wrong_pin" time="0.039" /><testcase classname="backend.tests.test_vault_contact.TestVaultDeposit" name="test_deposit_invalid_amount" time="0.040" /><testcase classname="backend.tests.test_vault_contact.TestVaultDeposit" name="test_deposit_no_auth" time="0.036" /><testcase classname="backend.tests.test_vault_contact.TestVaultWithdraw" name="test_withdraw_success" time="0.037" /><testcase classname="backend.tests.test_vault_contact.TestVaultWithdraw" name="test_withdraw_wrong_pin" time="0.036" /><testcase classname="backend.tests.test_vault_contact.TestVaultWithdraw" name="test_withdraw_exceeds_balance" time="0.052"><failure message="AssertionError: assert 'insuffisant' in 'retrait maximum: 50,000 xof'&#10; +  where 'retrait maximum: 50,000 xof' = &lt;built-in method lower of str object at 0xfaacc4406920&gt;()&#10; +    where &lt;built-in method lower of str object at 0xfaacc4406920&gt; = 'Retrait maximum: 50,000 XOF'.lower&#10; +      where 'Retrait maximum: 50,000 XOF' = &lt;built-in method get of dict object at 0xfaacc42bfd40&gt;('detail', '')&#10; +        where &lt;built-in method get of dict object at 0xfaacc42bfd40&gt; = {'detail': 'Retrait maximum: 50,000 XOF'}.get&#10; +          where {'detail': 'Retrait maximum: 50,000 XOF'} = json()&#10; +            where json = &lt;Response [400]&gt;.json">backend/tests/test_vault_contact.py:195: in test_withdraw_exceeds_balance
    assert "insuffisant" in res.json().get("detail", "").lower()
E   AssertionError: assert 'insuffisant' in 'retrait maximum: 50,000 xof'
E    +  where 'retrait maximum: 50,000 xof' = &lt;built-in method lower of str object at 0xfaacc4406920&gt;()
E    +    where &lt;built-in method lower of str object at 0xfaacc4406920&gt; = 'Retrait maximum: 50,000 XOF'.lower
E    +      where 'Retrait maximum: 50,000 XOF' = &lt;built-in method get of dict object at 0xfaacc42bfd40&gt;('detail', '')
E    +        where &lt;built-in method get of dict object at 0xfaacc42bfd40&gt; = {'detail': 'Retrait maximum: 50,000 XOF'}.get
E    +          where {'detail': 'Retrait maximum: 50,000 XOF'} = json()
E    +            where json = &lt;Response [400]&gt;.json</failure></testcase><testcase classname="backend.tests.test_vault_contact.TestVaultTransactions" name="test_get_transactions_success" time="0.036" /><testcase classname="backend.tests.test_vault_contact.TestVaultTransactions" name="test_transactions_structure" time="0.039" /><testcase classname="backend.tests.test_vault_contact.TestContactCategories" name="test_get_categories_success" time="0.033" /><testcase classname="backend.tests.test_vault_contact.TestContactCategories" name="test_categories_content" time="0.035" /><testcase classname="backend.tests.test_vault_contact.TestContactTicketCreate" name="test_create_ticket_success" time="0.036" /><testcase classname="backend.tests.test_vault_contact.TestContactTicketCreate" name="test_create_ticket_missing_subject" time="0.076" /><testcase classname="backend.tests.test_vault_contact.TestContactTicketCreate" name="test_create_ticket_invalid_category" time="0.042" /><testcase classname="backend.tests.test_vault_contact.TestContactTicketCreate" name="test_create_ticket_no_auth" time="0.035" /><testcase classname="backend.tests.test_vault_contact.TestContactUserTickets" name="test_get_user_tickets" time="0.036" /><testcase classname="backend.tests.test_vault_contact.TestContactUserTickets" name="test_get_ticket_details" time="0.072" /><testcase classname="backend.tests.test_vault_contact.TestContactUserTickets" name="test_reply_to_ticket" time="0.111" /><testcase classname="backend.tests.test_vault_contact.TestContactAdminTickets" name="test_admin_get_all_tickets" time="0.304" /><testcase classname="backend.tests.test_vault_contact.TestContactAdminTickets" name="test_admin_get_tickets_filtered" time="0.047" /><testcase classname="backend.tests.test_vault_contact.TestContactAdminTickets" name="test_admin_get_ticket_details" time="0.080" /><testcase classname="backend.tests.test_vault_contact.TestContactAdminTickets" name="test_admin_reply_to_ticket" time="0.074" /><testcase classname="backend.tests.test_vault_contact.TestContactAdminTickets" name="test_admin_update_ticket_status" time="0.076" /><testcase classname="backend.tests.test_vault_contact.TestContactAdminTickets" name="test_user_cannot_access_admin_endpoints" time="0.033" /><testcase classname="backend.tests.test_vault_contact.TestVaultContactIntegration" name="test_vault_deposit_withdraw_flow" time="0.123" /><testcase classname="backend.tests.test_vault_contact.TestVaultContactIntegration" name="test_ticket_lifecycle" time="0.189" /></testsuite></testsuites>