<?xml version="1.0" encoding="utf-8"?><testsuites name="pytest tests"><testsuite name="pytest" errors="0" failures="0" skipped="1" tests="32" time="2.547" timestamp="2026-02-02T22:50:47.120079+00:00" hostname="agent-env-a0da40b8-18fd-41e0-8356-f80637f37bfb"><testcase classname="backend.tests.test_vault_contact.TestVaultBalance" name="test_get_vault_balance_success" time="0.329" /><testcase classname="backend.tests.test_vault_contact.TestVaultBalance" name="test_get_vault_balance_no_auth" time="0.035" /><testcase classname="backend.tests.test_vault_contact.TestVaultBalance" name="test_vault_limits_structure" time="0.043" /><testcase classname="backend.tests.test_vault_contact.TestVaultPin" name="test_verify_pin_success" time="0.080" /><testcase classname="backend.tests.test_vault_contact.TestVaultPin" name="test_verify_pin_wrong" time="0.051" /><testcase classname="backend.tests.test_vault_contact.TestVaultPin" name="test_verify_pin_invalid_format" time="0.040" /><testcase classname="backend.tests.test_vault_contact.TestVaultDeposit" name="test_deposit_success" time="0.050" /><testcase classname="backend.tests.test_vault_contact.TestVaultDeposit" name="test_deposit_wrong_pin" time="0.045" /><testcase classname="backend.tests.test_vault_contact.TestVaultDeposit" name="test_deposit_invalid_amount" time="0.037" /><testcase classname="backend.tests.test_vault_contact.TestVaultDeposit" name="test_deposit_no_auth" time="0.036" /><testcase classname="backend.tests.test_vault_contact.TestVaultWithdraw" name="test_withdraw_success" time="0.059" /><testcase classname="backend.tests.test_vault_contact.TestVaultWithdraw" name="test_withdraw_wrong_pin" time="0.041" /><testcase classname="backend.tests.test_vault_contact.TestVaultWithdraw" name="test_withdraw_exceeds_balance" time="0.046" /><testcase classname="backend.tests.test_vault_contact.TestVaultTransactions" name="test_get_transactions_success" time="0.042" /><testcase classname="backend.tests.test_vault_contact.TestVaultTransactions" name="test_transactions_structure" time="0.039" /><testcase classname="backend.tests.test_vault_contact.TestContactCategories" name="test_get_categories_success" time="0.034" /><testcase classname="backend.tests.test_vault_contact.TestContactCategories" name="test_categories_content" time="0.041" /><testcase classname="backend.tests.test_vault_contact.TestContactTicketCreate" name="test_create_ticket_success" time="0.045" /><testcase classname="backend.tests.test_vault_contact.TestContactTicketCreate" name="test_create_ticket_missing_subject" time="0.048" /><testcase classname="backend.tests.test_vault_contact.TestContactTicketCreate" name="test_create_ticket_invalid_category" time="0.042" /><testcase classname="backend.tests.test_vault_contact.TestContactTicketCreate" name="test_create_ticket_no_auth" time="0.036" /><testcase classname="backend.tests.test_vault_contact.TestContactUserTickets" name="test_get_user_tickets" time="0.040" /><testcase classname="backend.tests.test_vault_contact.TestContactUserTickets" name="test_get_ticket_details" time="0.085" /><testcase classname="backend.tests.test_vault_contact.TestContactUserTickets" name="test_reply_to_ticket" time="0.080" /><testcase classname="backend.tests.test_vault_contact.TestContactAdminTickets" name="test_admin_get_all_tickets" time="0.322" /><testcase classname="backend.tests.test_vault_contact.TestContactAdminTickets" name="test_admin_get_tickets_filtered" time="0.040" /><testcase classname="backend.tests.test_vault_contact.TestContactAdminTickets" name="test_admin_get_ticket_details" time="0.084" /><testcase classname="backend.tests.test_vault_contact.TestContactAdminTickets" name="test_admin_reply_to_ticket" time="0.079" /><testcase classname="backend.tests.test_vault_contact.TestContactAdminTickets" name="test_admin_update_ticket_status" time="0.043"><skipped type="pytest.skip" message="No open tickets available for testing">/app/backend/tests/test_vault_contact.py:436: No open tickets available for testing</skipped></testcase><testcase classname="backend.tests.test_vault_contact.TestContactAdminTickets" name="test_user_cannot_access_admin_endpoints" time="0.041" /><testcase classname="backend.tests.test_vault_contact.TestVaultContactIntegration" name="test_vault_deposit_withdraw_flow" time="0.159" /><testcase classname="backend.tests.test_vault_contact.TestVaultContactIntegration" name="test_ticket_lifecycle" time="0.234" /></testsuite></testsuites>