<?xml version="1.0" encoding="utf-8"?><testsuites name="pytest tests"><testsuite name="pytest" errors="0" failures="0" skipped="0" tests="15" time="4.323" timestamp="2026-02-03T14:35:45.429300+00:00" hostname="agent-env-1c77f3c2-2d5a-4bec-9ed4-1c09fa90d95f"><testcase classname="backend.tests.test_virtual_cards_refunds.TestVirtualCardColors" name="test_get_card_colors_returns_8_colors" time="0.383" /><testcase classname="backend.tests.test_virtual_cards_refunds.TestVirtualCardColors" name="test_create_card_with_custom_color" time="0.290" /><testcase classname="backend.tests.test_virtual_cards_refunds.TestVirtualCardColors" name="test_create_card_with_custom_name" time="0.288" /><testcase classname="backend.tests.test_virtual_cards_refunds.TestVirtualCardColors" name="test_create_card_with_invalid_color_defaults_to_blue" time="0.275" /><testcase classname="backend.tests.test_virtual_cards_refunds.TestVirtualCardColors" name="test_list_cards_shows_color" time="0.279" /><testcase classname="backend.tests.test_virtual_cards_refunds.TestRefundReasons" name="test_get_refund_reasons_returns_6_options" time="0.039" /><testcase classname="backend.tests.test_virtual_cards_refunds.TestRefundEligibility" name="test_eligibility_check_nonexistent_transaction" time="0.275" /><testcase classname="backend.tests.test_virtual_cards_refunds.TestRefundEligibility" name="test_eligibility_check_requires_auth" time="0.343" /><testcase classname="backend.tests.test_virtual_cards_refunds.TestRefundRequests" name="test_get_my_refund_requests" time="0.308" /><testcase classname="backend.tests.test_virtual_cards_refunds.TestRefundRequests" name="test_create_refund_request_invalid_transaction" time="0.280" /><testcase classname="backend.tests.test_virtual_cards_refunds.TestRefundRequests" name="test_cancel_refund_request_invalid_id" time="0.277" /><testcase classname="backend.tests.test_virtual_cards_refunds.TestTransferAndRefundFlow" name="test_create_transfer_for_refund_testing" time="0.322" /><testcase classname="backend.tests.test_virtual_cards_refunds.TestTransferAndRefundFlow" name="test_get_transactions_for_refund" time="0.281" /><testcase classname="backend.tests.test_virtual_cards_refunds.TestHistoryPageIntegration" name="test_transactions_endpoint_for_history" time="0.271" /><testcase classname="backend.tests.test_virtual_cards_refunds.TestHistoryPageIntegration" name="test_refund_requests_endpoint_for_history" time="0.309" /></testsuite></testsuites>