<?xml version="1.0" encoding="utf-8"?><testsuites name="pytest tests"><testsuite name="pytest" errors="0" failures="4" skipped="0" tests="15" time="4.388" timestamp="2026-02-03T14:31:34.235738+00:00" hostname="agent-env-1c77f3c2-2d5a-4bec-9ed4-1c09fa90d95f"><testcase classname="backend.tests.test_virtual_cards_refunds.TestVirtualCardColors" name="test_get_card_colors_returns_8_colors" time="0.382" /><testcase classname="backend.tests.test_virtual_cards_refunds.TestVirtualCardColors" name="test_create_card_with_custom_color" time="0.282"><failure message="assert 400 == 200&#10; +  where 400 = &lt;Response [400]&gt;.status_code">backend/tests/test_virtual_cards_refunds.py:75: in test_create_card_with_custom_color
    assert response.status_code == 200
E   assert 400 == 200
E    +  where 400 = &lt;Response [400]&gt;.status_code</failure></testcase><testcase classname="backend.tests.test_virtual_cards_refunds.TestVirtualCardColors" name="test_create_card_with_custom_name" time="0.279"><failure message="assert 400 == 200&#10; +  where 400 = &lt;Response [400]&gt;.status_code">backend/tests/test_virtual_cards_refunds.py:98: in test_create_card_with_custom_name
    assert response.status_code == 200
E   assert 400 == 200
E    +  where 400 = &lt;Response [400]&gt;.status_code</failure></testcase><testcase classname="backend.tests.test_virtual_cards_refunds.TestVirtualCardColors" name="test_create_card_with_invalid_color_defaults_to_blue" time="0.314"><failure message="assert 400 == 200&#10; +  where 400 = &lt;Response [400]&gt;.status_code">backend/tests/test_virtual_cards_refunds.py:113: in test_create_card_with_invalid_color_defaults_to_blue
    assert response.status_code == 200
E   assert 400 == 200
E    +  where 400 = &lt;Response [400]&gt;.status_code</failure></testcase><testcase classname="backend.tests.test_virtual_cards_refunds.TestVirtualCardColors" name="test_list_cards_shows_color" time="0.279" /><testcase classname="backend.tests.test_virtual_cards_refunds.TestRefundReasons" name="test_get_refund_reasons_returns_6_options" time="0.040" /><testcase classname="backend.tests.test_virtual_cards_refunds.TestRefundEligibility" name="test_eligibility_check_nonexistent_transaction" time="0.316" /><testcase classname="backend.tests.test_virtual_cards_refunds.TestRefundEligibility" name="test_eligibility_check_requires_auth" time="0.300" /><testcase classname="backend.tests.test_virtual_cards_refunds.TestRefundRequests" name="test_get_my_refund_requests" time="0.273" /><testcase classname="backend.tests.test_virtual_cards_refunds.TestRefundRequests" name="test_create_refund_request_invalid_transaction" time="0.276" /><testcase classname="backend.tests.test_virtual_cards_refunds.TestRefundRequests" name="test_cancel_refund_request_invalid_id" time="0.312" /><testcase classname="backend.tests.test_virtual_cards_refunds.TestTransferAndRefundFlow" name="test_create_transfer_for_refund_testing" time="0.271"><failure message="AttributeError: 'list' object has no attribute 'get'">backend/tests/test_virtual_cards_refunds.py:280: in test_create_transfer_for_refund_testing
    wallets = wallets_response.json().get("wallets", [])
              ^^^^^^^^^^^^^^^^^^^^^^^^^^^
E   AttributeError: 'list' object has no attribute 'get'</failure></testcase><testcase classname="backend.tests.test_virtual_cards_refunds.TestTransferAndRefundFlow" name="test_get_transactions_for_refund" time="0.277" /><testcase classname="backend.tests.test_virtual_cards_refunds.TestHistoryPageIntegration" name="test_transactions_endpoint_for_history" time="0.274" /><testcase classname="backend.tests.test_virtual_cards_refunds.TestHistoryPageIntegration" name="test_refund_requests_endpoint_for_history" time="0.280" /></testsuite></testsuites>