<?xml version="1.0" encoding="utf-8"?><testsuites name="pytest tests"><testsuite name="pytest" errors="0" failures="0" skipped="4" tests="33" time="3.195" timestamp="2026-02-02T22:24:41.946826+00:00" hostname="agent-env-a0da40b8-18fd-41e0-8356-f80637f37bfb"><testcase classname="backend.tests.test_virtual_cards_notifications.TestAuth" name="test_user_login" time="0.311" /><testcase classname="backend.tests.test_virtual_cards_notifications.TestAuth" name="test_admin_login" time="0.260" /><testcase classname="backend.tests.test_virtual_cards_notifications.TestVirtualCards" name="test_list_virtual_cards" time="0.313" /><testcase classname="backend.tests.test_virtual_cards_notifications.TestVirtualCards" name="test_list_cards_requires_auth" time="0.039" /><testcase classname="backend.tests.test_virtual_cards_notifications.TestVirtualCards" name="test_create_virtual_card" time="0.039"><skipped type="pytest.skip" message="Max cards limit reached">/app/backend/tests/test_virtual_cards_notifications.py:101: Max cards limit reached</skipped></testcase><testcase classname="backend.tests.test_virtual_cards_notifications.TestVirtualCards" name="test_create_card_requires_auth" time="0.040" /><testcase classname="backend.tests.test_virtual_cards_notifications.TestVirtualCards" name="test_get_card_details" time="0.086" /><testcase classname="backend.tests.test_virtual_cards_notifications.TestVirtualCards" name="test_block_card" time="0.076" /><testcase classname="backend.tests.test_virtual_cards_notifications.TestVirtualCards" name="test_unblock_card" time="0.085" /><testcase classname="backend.tests.test_virtual_cards_notifications.TestVirtualCards" name="test_block_already_blocked_card" time="0.038"><skipped type="pytest.skip" message="No blocked card to test">/app/backend/tests/test_virtual_cards_notifications.py:207: No blocked card to test</skipped></testcase><testcase classname="backend.tests.test_virtual_cards_notifications.TestVirtualCards" name="test_simulate_payment" time="0.077" /><testcase classname="backend.tests.test_virtual_cards_notifications.TestVirtualCards" name="test_simulate_payment_blocked_card" time="0.043"><skipped type="pytest.skip" message="No blocked card to test">/app/backend/tests/test_virtual_cards_notifications.py:265: No blocked card to test</skipped></testcase><testcase classname="backend.tests.test_virtual_cards_notifications.TestVirtualCards" name="test_simulate_payment_exceeds_transaction_limit" time="0.076" /><testcase classname="backend.tests.test_virtual_cards_notifications.TestVirtualCards" name="test_get_card_transactions" time="0.071" /><testcase classname="backend.tests.test_virtual_cards_notifications.TestVirtualCards" name="test_toggle_card_feature_online" time="0.125" /><testcase classname="backend.tests.test_virtual_cards_notifications.TestVirtualCards" name="test_delete_virtual_card" time="0.069"><skipped type="pytest.skip" message="No card available to delete">/app/backend/tests/test_virtual_cards_notifications.py:357: No card available to delete</skipped></testcase><testcase classname="backend.tests.test_virtual_cards_notifications.TestVirtualCards" name="test_delete_nonexistent_card" time="0.039" /><testcase classname="backend.tests.test_virtual_cards_notifications.TestNotificationsZone" name="test_get_zones" time="0.324" /><testcase classname="backend.tests.test_virtual_cards_notifications.TestNotificationsZone" name="test_get_zones_requires_admin" time="0.296" /><testcase classname="backend.tests.test_virtual_cards_notifications.TestNotificationsZone" name="test_filter_users_by_zone" time="0.038" /><testcase classname="backend.tests.test_virtual_cards_notifications.TestNotificationsZone" name="test_send_notification" time="0.046" /><testcase classname="backend.tests.test_virtual_cards_notifications.TestNotificationsZone" name="test_send_notification_requires_admin" time="0.039" /><testcase classname="backend.tests.test_virtual_cards_notifications.TestNotificationsZone" name="test_send_notification_validation" time="0.041" /><testcase classname="backend.tests.test_virtual_cards_notifications.TestNotificationsZone" name="test_send_notification_no_countries" time="0.042" /><testcase classname="backend.tests.test_virtual_cards_notifications.TestNotificationsZone" name="test_get_notification_history" time="0.035" /><testcase classname="backend.tests.test_virtual_cards_notifications.TestNotificationsZone" name="test_get_notification_history_with_filter" time="0.044" /><testcase classname="backend.tests.test_virtual_cards_notifications.TestNotificationsZone" name="test_get_notification_stats" time="0.037" /><testcase classname="backend.tests.test_virtual_cards_notifications.TestNotificationsZone" name="test_get_notification_details" time="0.075" /><testcase classname="backend.tests.test_virtual_cards_notifications.TestNotificationsZone" name="test_get_nonexistent_notification" time="0.034" /><testcase classname="backend.tests.test_virtual_cards_notifications.TestNotificationsZone" name="test_send_scheduled_notification" time="0.037" /><testcase classname="backend.tests.test_virtual_cards_notifications.TestNotificationsZone" name="test_cancel_scheduled_notification" time="0.082" /><testcase classname="backend.tests.test_virtual_cards_notifications.TestNotificationsZone" name="test_cancel_already_sent_notification" time="0.073" /><testcase classname="backend.tests.test_virtual_cards_notifications.TestNotificationsZone" name="test_send_multi_channel_notification" time="0.040" /></testsuite></testsuites>